<?xml version="1.0" encoding="UTF-8"?>
<!-- Generated by org.testng.reporters.JUnitReportReporter -->
<testsuite skipped="0" hostname="DESKTOP-PKISB3R" name="testng.AmazonTitleTest" tests="1" failures="0" timestamp="2020-05-13T22:36:31 EDT" time="8.519" errors="0">
  <testcase name="VerifyTitle" time="8.519" classname="testng.AmazonTitleTest"/>
  <system-out/>
</testsuite> <!-- testng.AmazonTitleTest -->
